[debug] [2020-04-23T04:12:22.412Z] ----------------------------------------------------------------------
[debug] [2020-04-23T04:12:22.429Z] Command:       C:\Program Files\nodejs\node.exe C:\Users\Acer\AppData\Roaming\npm\node_modules\firebase-tools\lib\bin\firebase.js serve
[debug] [2020-04-23T04:12:22.430Z] CLI Version:   8.1.1
[debug] [2020-04-23T04:12:22.430Z] Platform:      win32
[debug] [2020-04-23T04:12:22.431Z] Node Version:  v12.15.0
[debug] [2020-04-23T04:12:22.453Z] Time:          Thu Apr 23 2020 11:12:22 GMT+0700 (Western Indonesia Time)
[debug] [2020-04-23T04:12:22.453Z] ----------------------------------------------------------------------
[debug] [2020-04-23T04:12:22.453Z] 
[debug] [2020-04-23T04:12:22.529Z] > command requires scopes: ["email","openid","https://www.googleapis.com/auth/cloudplatformprojects.readonly","https://www.googleapis.com/auth/firebase","https://www.googleapis.com/auth/cloud-platform"]
[debug] [2020-04-23T04:12:22.529Z] > authorizing via signed-in user
[debug] [2020-04-23T04:12:22.530Z] [iam] checking project fir-login-modul for permissions ["firebase.projects.get"]
[debug] [2020-04-23T04:12:22.534Z] >>> HTTP REQUEST POST https://cloudresourcemanager.googleapis.com/v1/projects/fir-login-modul:testIamPermissions  
 {"permissions":["firebase.projects.get"]}
[debug] [2020-04-23T04:12:24.423Z] <<< HTTP RESPONSE 200 {"content-type":"application/json; charset=UTF-8","vary":"X-Origin, Referer, Origin,Accept-Encoding","date":"Thu, 23 Apr 2020 04:12:24 GMT","server":"ESF","cache-control":"private","x-xss-protection":"0","x-frame-options":"SAMEORIGIN","x-content-type-options":"nosniff","server-timing":"gfet4t7; dur=1210","alt-svc":"quic=\":443\"; ma=2592000; v=\"46,43\",h3-Q050=\":443\"; ma=2592000,h3-Q049=\":443\"; ma=2592000,h3-Q048=\":443\"; ma=2592000,h3-Q046=\":443\"; ma=2592000,h3-Q043=\":443\"; ma=2592000,h3-T050=\":443\"; ma=2592000","accept-ranges":"none","transfer-encoding":"chunked"}
[debug] [2020-04-23T04:12:24.426Z] >>> HTTP REQUEST GET https://firebase.googleapis.com/v1beta1/projects/fir-login-modul  
 
[debug] [2020-04-23T04:12:24.919Z] <<< HTTP RESPONSE 200 {"content-type":"application/json; charset=UTF-8","vary":"X-Origin, Referer, Origin,Accept-Encoding","date":"Thu, 23 Apr 2020 04:12:24 GMT","server":"ESF","cache-control":"private","x-xss-protection":"0","x-frame-options":"SAMEORIGIN","x-content-type-options":"nosniff","alt-svc":"quic=\":443\"; ma=2592000; v=\"46,43\",h3-Q050=\":443\"; ma=2592000,h3-Q049=\":443\"; ma=2592000,h3-Q048=\":443\"; ma=2592000,h3-Q046=\":443\"; ma=2592000,h3-Q043=\":443\"; ma=2592000,h3-T050=\":443\"; ma=2592000","accept-ranges":"none","transfer-encoding":"chunked"}
[info] 
[info] === Serving from 'C:\Users\Acer\Documents\Framework\firebase-login-modul'...
[info] 
[debug] [2020-04-23T04:12:24.926Z] >>> HTTP REQUEST GET https://firebase.googleapis.com/v1beta1/projects/fir-login-modul/webApps/-/config  
 
[debug] [2020-04-23T04:12:25.824Z] <<< HTTP RESPONSE 200 {"content-type":"application/json; charset=UTF-8","vary":"X-Origin, Referer, Origin,Accept-Encoding","date":"Thu, 23 Apr 2020 04:12:25 GMT","server":"ESF","cache-control":"private","x-xss-protection":"0","x-frame-options":"SAMEORIGIN","x-content-type-options":"nosniff","alt-svc":"quic=\":443\"; ma=2592000; v=\"46,43\",h3-Q050=\":443\"; ma=2592000,h3-Q049=\":443\"; ma=2592000,h3-Q048=\":443\"; ma=2592000,h3-Q046=\":443\"; ma=2592000,h3-Q043=\":443\"; ma=2592000,h3-T050=\":443\"; ma=2592000","accept-ranges":"none","transfer-encoding":"chunked"}
[info] i  hosting: Serving hosting files from: build
[info] +  hosting: Local server: http://localhost:5000
